[31-Dec-2020 15:03:28 UTC] PHP Warning:  An unexpected error occurred. Something may be wrong with WordPress.org or this server&#8217;s configuration. If you continue to have problems, please try the <a href="https://wordpress.org/support/forums/">support forums</a>. (WordPress could not establish a secure connection to WordPress.org. Please contact your server administrator.) in C:\Program Files\Ampps\www\wooCommerce\wp-admin\includes\plugin-install.php on line 183
[31-Dec-2020 15:03:30 UTC] PHP Fatal error:  Maximum execution time of 30 seconds exceeded in C:\Program Files\Ampps\www\wooCommerce\wp-includes\Requests\Transport\cURL.php on line 163
[31-Dec-2020 15:04:21 UTC] PHP Warning:  call_user_func_array() expects parameter 1 to be a valid callback, class 'ST_Commerce_Extension' does not have a method 'init_controls' in C:\Program Files\Ampps\www\wooCommerce\wp-includes\class-wp-hook.php on line 287
[31-Dec-2020 15:04:23 UTC] PHP Warning:  call_user_func_array() expects parameter 1 to be a valid callback, class 'ST_Commerce_Extension' does not have a method 'init_controls' in C:\Program Files\Ampps\www\wooCommerce\wp-includes\class-wp-hook.php on line 287
[31-Dec-2020 15:04:23 UTC] PHP Warning:  call_user_func_array() expects parameter 1 to be a valid callback, class 'ST_Commerce_Extension' does not have a method 'init_controls' in C:\Program Files\Ampps\www\wooCommerce\wp-includes\class-wp-hook.php on line 287
[31-Dec-2020 15:04:23 UTC] PHP Warning:  call_user_func_array() expects parameter 1 to be a valid callback, class 'ST_Commerce_Extension' does not have a method 'init_controls' in C:\Program Files\Ampps\www\wooCommerce\wp-includes\class-wp-hook.php on line 287
[31-Dec-2020 15:05:14 UTC] PHP Warning:  require_once(C:\Program Files\Ampps\www\wooCommerce\wp-content\plugins\stccommerce-elementor/controls/test-control.php): failed to open stream: No such file or directory in C:\Program Files\Ampps\www\wooCommerce\wp-content\plugins\stccommerce-elementor\index.php on line 103
[31-Dec-2020 15:05:14 UTC] PHP Fatal error:  require_once(): Failed opening required 'C:\Program Files\Ampps\www\wooCommerce\wp-content\plugins\stccommerce-elementor/controls/test-control.php' (include_path='.;C:\php\pear') in C:\Program Files\Ampps\www\wooCommerce\wp-content\plugins\stccommerce-elementor\index.php on line 103
[31-Dec-2020 15:06:59 UTC] PHP Fatal error:  Maximum execution time of 30 seconds exceeded in C:\Program Files\Ampps\www\wooCommerce\wp-includes\Requests\Transport\cURL.php on line 163
[31-Dec-2020 15:10:29 UTC] PHP Warning:  require_once(C:\Program Files\Ampps\www\wooCommerce\wp-content\plugins\stccommerce-elementor/controls/test-control.php): failed to open stream: No such file or directory in C:\Program Files\Ampps\www\wooCommerce\wp-content\plugins\stccommerce-elementor\index.php on line 103
[31-Dec-2020 15:10:29 UTC] PHP Fatal error:  require_once(): Failed opening required 'C:\Program Files\Ampps\www\wooCommerce\wp-content\plugins\stccommerce-elementor/controls/test-control.php' (include_path='.;C:\php\pear') in C:\Program Files\Ampps\www\wooCommerce\wp-content\plugins\stccommerce-elementor\index.php on line 103
[31-Dec-2020 15:11:18 UTC] PHP Warning:  call_user_func_array() expects parameter 1 to be a valid callback, class 'ST_Commerce_Extension' does not have a method 'init_controls' in C:\Program Files\Ampps\www\wooCommerce\wp-includes\class-wp-hook.php on line 287
[31-Dec-2020 15:11:19 UTC] PHP Warning:  call_user_func_array() expects parameter 1 to be a valid callback, class 'ST_Commerce_Extension' does not have a method 'init_controls' in C:\Program Files\Ampps\www\wooCommerce\wp-includes\class-wp-hook.php on line 287
[31-Dec-2020 15:11:19 UTC] PHP Warning:  call_user_func_array() expects parameter 1 to be a valid callback, class 'ST_Commerce_Extension' does not have a method 'init_controls' in C:\Program Files\Ampps\www\wooCommerce\wp-includes\class-wp-hook.php on line 287
[31-Dec-2020 15:11:19 UTC] PHP Warning:  call_user_func_array() expects parameter 1 to be a valid callback, class 'ST_Commerce_Extension' does not have a method 'init_controls' in C:\Program Files\Ampps\www\wooCommerce\wp-includes\class-wp-hook.php on line 287
[31-Dec-2020 15:11:32 UTC] PHP Warning:  call_user_func_array() expects parameter 1 to be a valid callback, class 'ST_Commerce_Extension' does not have a method 'init_controls' in C:\Program Files\Ampps\www\wooCommerce\wp-includes\class-wp-hook.php on line 287
[31-Dec-2020 15:11:32 UTC] PHP Warning:  call_user_func_array() expects parameter 1 to be a valid callback, class 'ST_Commerce_Extension' does not have a method 'init_controls' in C:\Program Files\Ampps\www\wooCommerce\wp-includes\class-wp-hook.php on line 287
[31-Dec-2020 15:11:32 UTC] PHP Warning:  call_user_func_array() expects parameter 1 to be a valid callback, class 'ST_Commerce_Extension' does not have a method 'init_controls' in C:\Program Files\Ampps\www\wooCommerce\wp-includes\class-wp-hook.php on line 287
[31-Dec-2020 15:11:32 UTC] PHP Warning:  call_user_func_array() expects parameter 1 to be a valid callback, class 'ST_Commerce_Extension' does not have a method 'init_controls' in C:\Program Files\Ampps\www\wooCommerce\wp-includes\class-wp-hook.php on line 287
[31-Dec-2020 15:11:32 UTC] PHP Warning:  call_user_func_array() expects parameter 1 to be a valid callback, class 'ST_Commerce_Extension' does not have a method 'init_controls' in C:\Program Files\Ampps\www\wooCommerce\wp-includes\class-wp-hook.php on line 287
[31-Dec-2020 15:11:32 UTC] PHP Warning:  call_user_func_array() expects parameter 1 to be a valid callback, class 'ST_Commerce_Extension' does not have a method 'init_controls' in C:\Program Files\Ampps\www\wooCommerce\wp-includes\class-wp-hook.php on line 287
[31-Dec-2020 15:11:32 UTC] PHP Warning:  call_user_func_array() expects parameter 1 to be a valid callback, class 'ST_Commerce_Extension' does not have a method 'init_controls' in C:\Program Files\Ampps\www\wooCommerce\wp-includes\class-wp-hook.php on line 287
[31-Dec-2020 15:11:32 UTC] PHP Warning:  call_user_func_array() expects parameter 1 to be a valid callback, class 'ST_Commerce_Extension' does not have a method 'init_controls' in C:\Program Files\Ampps\www\wooCommerce\wp-includes\class-wp-hook.php on line 287
[31-Dec-2020 15:11:32 UTC] PHP Warning:  call_user_func_array() expects parameter 1 to be a valid callback, class 'ST_Commerce_Extension' does not have a method 'init_controls' in C:\Program Files\Ampps\www\wooCommerce\wp-includes\class-wp-hook.php on line 287
[31-Dec-2020 15:11:32 UTC] PHP Warning:  call_user_func_array() expects parameter 1 to be a valid callback, class 'ST_Commerce_Extension' does not have a method 'init_controls' in C:\Program Files\Ampps\www\wooCommerce\wp-includes\class-wp-hook.php on line 287
[31-Dec-2020 15:11:32 UTC] PHP Warning:  call_user_func_array() expects parameter 1 to be a valid callback, class 'ST_Commerce_Extension' does not have a method 'init_controls' in C:\Program Files\Ampps\www\wooCommerce\wp-includes\class-wp-hook.php on line 287
[31-Dec-2020 15:11:32 UTC] PHP Warning:  call_user_func_array() expects parameter 1 to be a valid callback, class 'ST_Commerce_Extension' does not have a method 'init_controls' in C:\Program Files\Ampps\www\wooCommerce\wp-includes\class-wp-hook.php on line 287
[31-Dec-2020 15:11:33 UTC] PHP Warning:  call_user_func_array() expects parameter 1 to be a valid callback, class 'ST_Commerce_Extension' does not have a method 'init_controls' in C:\Program Files\Ampps\www\wooCommerce\wp-includes\class-wp-hook.php on line 287
[31-Dec-2020 15:11:33 UTC] PHP Warning:  call_user_func_array() expects parameter 1 to be a valid callback, class 'ST_Commerce_Extension' does not have a method 'init_controls' in C:\Program Files\Ampps\www\wooCommerce\wp-includes\class-wp-hook.php on line 287
[31-Dec-2020 15:11:33 UTC] PHP Warning:  call_user_func_array() expects parameter 1 to be a valid callback, class 'ST_Commerce_Extension' does not have a method 'init_controls' in C:\Program Files\Ampps\www\wooCommerce\wp-includes\class-wp-hook.php on line 287
[31-Dec-2020 15:13:58 UTC] PHP Warning:  call_user_func_array() expects parameter 1 to be a valid callback, class 'ST_Commerce_Extension' does not have a method 'init_controls' in C:\Program Files\Ampps\www\wooCommerce\wp-includes\class-wp-hook.php on line 287
[31-Dec-2020 15:13:59 UTC] PHP Warning:  call_user_func_array() expects parameter 1 to be a valid callback, class 'ST_Commerce_Extension' does not have a method 'init_controls' in C:\Program Files\Ampps\www\wooCommerce\wp-includes\class-wp-hook.php on line 287
[31-Dec-2020 15:13:59 UTC] PHP Warning:  call_user_func_array() expects parameter 1 to be a valid callback, class 'ST_Commerce_Extension' does not have a method 'init_controls' in C:\Program Files\Ampps\www\wooCommerce\wp-includes\class-wp-hook.php on line 287
[31-Dec-2020 15:13:59 UTC] PHP Warning:  call_user_func_array() expects parameter 1 to be a valid callback, class 'ST_Commerce_Extension' does not have a method 'init_controls' in C:\Program Files\Ampps\www\wooCommerce\wp-includes\class-wp-hook.php on line 287
[31-Dec-2020 15:13:59 UTC] PHP Warning:  call_user_func_array() expects parameter 1 to be a valid callback, class 'ST_Commerce_Extension' does not have a method 'init_controls' in C:\Program Files\Ampps\www\wooCommerce\wp-includes\class-wp-hook.php on line 287
[31-Dec-2020 15:13:59 UTC] PHP Warning:  call_user_func_array() expects parameter 1 to be a valid callback, class 'ST_Commerce_Extension' does not have a method 'init_controls' in C:\Program Files\Ampps\www\wooCommerce\wp-includes\class-wp-hook.php on line 287
[31-Dec-2020 15:13:59 UTC] PHP Warning:  call_user_func_array() expects parameter 1 to be a valid callback, class 'ST_Commerce_Extension' does not have a method 'init_controls' in C:\Program Files\Ampps\www\wooCommerce\wp-includes\class-wp-hook.php on line 287
[31-Dec-2020 15:13:59 UTC] PHP Warning:  call_user_func_array() expects parameter 1 to be a valid callback, class 'ST_Commerce_Extension' does not have a method 'init_controls' in C:\Program Files\Ampps\www\wooCommerce\wp-includes\class-wp-hook.php on line 287
[31-Dec-2020 15:14:00 UTC] PHP Warning:  call_user_func_array() expects parameter 1 to be a valid callback, class 'ST_Commerce_Extension' does not have a method 'init_controls' in C:\Program Files\Ampps\www\wooCommerce\wp-includes\class-wp-hook.php on line 287
[31-Dec-2020 15:14:00 UTC] PHP Warning:  call_user_func_array() expects parameter 1 to be a valid callback, class 'ST_Commerce_Extension' does not have a method 'init_controls' in C:\Program Files\Ampps\www\wooCommerce\wp-includes\class-wp-hook.php on line 287
[31-Dec-2020 15:14:00 UTC] PHP Warning:  call_user_func_array() expects parameter 1 to be a valid callback, class 'ST_Commerce_Extension' does not have a method 'init_controls' in C:\Program Files\Ampps\www\wooCommerce\wp-includes\class-wp-hook.php on line 287
[31-Dec-2020 15:14:00 UTC] PHP Warning:  call_user_func_array() expects parameter 1 to be a valid callback, class 'ST_Commerce_Extension' does not have a method 'init_controls' in C:\Program Files\Ampps\www\wooCommerce\wp-includes\class-wp-hook.php on line 287
[31-Dec-2020 15:14:00 UTC] PHP Warning:  call_user_func_array() expects parameter 1 to be a valid callback, class 'ST_Commerce_Extension' does not have a method 'init_controls' in C:\Program Files\Ampps\www\wooCommerce\wp-includes\class-wp-hook.php on line 287
[31-Dec-2020 15:14:00 UTC] PHP Warning:  call_user_func_array() expects parameter 1 to be a valid callback, class 'ST_Commerce_Extension' does not have a method 'init_controls' in C:\Program Files\Ampps\www\wooCommerce\wp-includes\class-wp-hook.php on line 287
[31-Dec-2020 15:14:00 UTC] PHP Warning:  call_user_func_array() expects parameter 1 to be a valid callback, class 'ST_Commerce_Extension' does not have a method 'init_controls' in C:\Program Files\Ampps\www\wooCommerce\wp-includes\class-wp-hook.php on line 287
[31-Dec-2020 15:14:00 UTC] PHP Warning:  call_user_func_array() expects parameter 1 to be a valid callback, class 'ST_Commerce_Extension' does not have a method 'init_controls' in C:\Program Files\Ampps\www\wooCommerce\wp-includes\class-wp-hook.php on line 287
[31-Dec-2020 15:14:00 UTC] PHP Warning:  call_user_func_array() expects parameter 1 to be a valid callback, class 'ST_Commerce_Extension' does not have a method 'init_controls' in C:\Program Files\Ampps\www\wooCommerce\wp-includes\class-wp-hook.php on line 287
[31-Dec-2020 15:14:01 UTC] PHP Warning:  call_user_func_array() expects parameter 1 to be a valid callback, class 'ST_Commerce_Extension' does not have a method 'init_controls' in C:\Program Files\Ampps\www\wooCommerce\wp-includes\class-wp-hook.php on line 287
[31-Dec-2020 15:14:01 UTC] PHP Warning:  call_user_func_array() expects parameter 1 to be a valid callback, class 'ST_Commerce_Extension' does not have a method 'init_controls' in C:\Program Files\Ampps\www\wooCommerce\wp-includes\class-wp-hook.php on line 287
[31-Dec-2020 15:16:32 UTC] PHP Warning:  call_user_func_array() expects parameter 1 to be a valid callback, class 'ST_Commerce_Extension' does not have a method 'init_controls' in C:\Program Files\Ampps\www\wooCommerce\wp-includes\class-wp-hook.php on line 287
[31-Dec-2020 15:16:33 UTC] PHP Warning:  call_user_func_array() expects parameter 1 to be a valid callback, class 'ST_Commerce_Extension' does not have a method 'init_controls' in C:\Program Files\Ampps\www\wooCommerce\wp-includes\class-wp-hook.php on line 287
[31-Dec-2020 15:16:34 UTC] PHP Warning:  call_user_func_array() expects parameter 1 to be a valid callback, class 'ST_Commerce_Extension' does not have a method 'init_controls' in C:\Program Files\Ampps\www\wooCommerce\wp-includes\class-wp-hook.php on line 287
[31-Dec-2020 15:16:34 UTC] PHP Warning:  call_user_func_array() expects parameter 1 to be a valid callback, class 'ST_Commerce_Extension' does not have a method 'init_controls' in C:\Program Files\Ampps\www\wooCommerce\wp-includes\class-wp-hook.php on line 287
[31-Dec-2020 15:17:18 UTC] PHP Warning:  call_user_func_array() expects parameter 1 to be a valid callback, class 'ST_Commerce_Extension' does not have a method 'init_controls' in C:\Program Files\Ampps\www\wooCommerce\wp-includes\class-wp-hook.php on line 287
[31-Dec-2020 15:18:35 UTC] PHP Warning:  call_user_func_array() expects parameter 1 to be a valid callback, class 'ST_Commerce_Extension' does not have a method 'init_controls' in C:\Program Files\Ampps\www\wooCommerce\wp-includes\class-wp-hook.php on line 287
[31-Dec-2020 15:18:36 UTC] PHP Warning:  call_user_func_array() expects parameter 1 to be a valid callback, class 'ST_Commerce_Extension' does not have a method 'init_controls' in C:\Program Files\Ampps\www\wooCommerce\wp-includes\class-wp-hook.php on line 287
[31-Dec-2020 15:18:37 UTC] PHP Warning:  call_user_func_array() expects parameter 1 to be a valid callback, class 'ST_Commerce_Extension' does not have a method 'init_controls' in C:\Program Files\Ampps\www\wooCommerce\wp-includes\class-wp-hook.php on line 287
[31-Dec-2020 15:18:37 UTC] PHP Warning:  call_user_func_array() expects parameter 1 to be a valid callback, class 'ST_Commerce_Extension' does not have a method 'init_controls' in C:\Program Files\Ampps\www\wooCommerce\wp-includes\class-wp-hook.php on line 287
[31-Dec-2020 15:27:51 UTC] PHP Warning:  call_user_func_array() expects parameter 1 to be a valid callback, class 'ST_Commerce_Extension' does not have a method 'init_controls' in C:\Program Files\Ampps\www\wooCommerce\wp-includes\class-wp-hook.php on line 287
[31-Dec-2020 15:27:52 UTC] PHP Warning:  call_user_func_array() expects parameter 1 to be a valid callback, class 'ST_Commerce_Extension' does not have a method 'init_controls' in C:\Program Files\Ampps\www\wooCommerce\wp-includes\class-wp-hook.php on line 287
[31-Dec-2020 15:27:52 UTC] PHP Warning:  call_user_func_array() expects parameter 1 to be a valid callback, class 'ST_Commerce_Extension' does not have a method 'init_controls' in C:\Program Files\Ampps\www\wooCommerce\wp-includes\class-wp-hook.php on line 287
[31-Dec-2020 15:27:52 UTC] PHP Warning:  call_user_func_array() expects parameter 1 to be a valid callback, class 'ST_Commerce_Extension' does not have a method 'init_controls' in C:\Program Files\Ampps\www\wooCommerce\wp-includes\class-wp-hook.php on line 287
[31-Dec-2020 15:47:39 UTC] PHP Warning:  require_once(C:\Program Files\Ampps\www\wooCommerce\wp-content\plugins\stccommerce-elementor/controls/test-control.php): failed to open stream: No such file or directory in C:\Program Files\Ampps\www\wooCommerce\wp-content\plugins\stccommerce-elementor\index.php on line 111
[31-Dec-2020 15:47:39 UTC] PHP Fatal error:  require_once(): Failed opening required 'C:\Program Files\Ampps\www\wooCommerce\wp-content\plugins\stccommerce-elementor/controls/test-control.php' (include_path='.;C:\php\pear') in C:\Program Files\Ampps\www\wooCommerce\wp-content\plugins\stccommerce-elementor\index.php on line 111
[01-Jan-2021 08:44:23 UTC] PHP Notice:  Undefined index: slide-content in C:\Program Files\Ampps\www\wooCommerce\wp-content\plugins\stccommerce-elementor\widgets\slider.php on line 115
[01-Jan-2021 08:44:23 UTC] PHP Notice:  Undefined index: slide-title in C:\Program Files\Ampps\www\wooCommerce\wp-content\plugins\stccommerce-elementor\widgets\slider.php on line 119
[01-Jan-2021 09:08:22 UTC] PHP Parse error:  syntax error, unexpected ')' in C:\Program Files\Ampps\www\wooCommerce\wp-content\plugins\stccommerce-elementor\widgets\slider.php on line 112
[01-Jan-2021 09:43:23 UTC] PHP Parse error:  syntax error, unexpected '').slick({' (T_CONSTANT_ENCAPSED_STRING), expecting ',' or ';' in C:\Program Files\Ampps\www\wooCommerce\wp-content\plugins\stccommerce-elementor\widgets\slider.php on line 112
[01-Jan-2021 09:45:56 UTC] PHP Parse error:  syntax error, unexpected '').slick({' (T_CONSTANT_ENCAPSED_STRING), expecting ',' or ';' in C:\Program Files\Ampps\www\wooCommerce\wp-content\plugins\stccommerce-elementor\widgets\slider.php on line 113
[01-Jan-2021 09:50:19 UTC] PHP Parse error:  syntax error, unexpected 'linear' (T_STRING), expecting ',' or ';' in C:\Program Files\Ampps\www\wooCommerce\wp-content\plugins\stccommerce-elementor\widgets\slider.php on line 108
[01-Jan-2021 11:21:03 UTC] PHP Parse error:  syntax error, unexpected ')', expecting ']' in C:\Program Files\Ampps\www\wooCommerce\wp-content\plugins\stccommerce-elementor\widgets\slider.php on line 108
[05-Jan-2021 16:38:15 UTC] PHP Warning:  An unexpected error occurred. Something may be wrong with WordPress.org or this server&#8217;s configuration. If you continue to have problems, please try the <a href="https://wordpress.org/support/forums/">support forums</a>. (WordPress could not establish a secure connection to WordPress.org. Please contact your server administrator.) in C:\Program Files\Ampps\www\wooCommerce\wp-includes\update.php on line 173
[05-Jan-2021 16:38:25 UTC] PHP Warning:  An unexpected error occurred. Something may be wrong with WordPress.org or this server&#8217;s configuration. If you continue to have problems, please try the <a href="https://wordpress.org/support/forums/">support forums</a>. (WordPress could not establish a secure connection to WordPress.org. Please contact your server administrator.) in C:\Program Files\Ampps\www\wooCommerce\wp-includes\update.php on line 408
[12-Jan-2021 16:08:46 UTC] PHP Warning:  An unexpected error occurred. Something may be wrong with WordPress.org or this server&#8217;s configuration. If you continue to have problems, please try the <a href="https://wordpress.org/support/forums/">support forums</a>. (WordPress could not establish a secure connection to WordPress.org. Please contact your server administrator.) in C:\Program Files\Ampps\www\wooCommerce\wp-includes\update.php on line 408
[12-Jan-2021 18:31:57 UTC] PHP Fatal error:  Maximum execution time of 30 seconds exceeded in C:\Program Files\Ampps\www\wooCommerce\wp-includes\Requests\Transport\cURL.php on line 463
[12-Jan-2021 18:43:15 UTC] PHP Fatal error:  Maximum execution time of 30 seconds exceeded in C:\Program Files\Ampps\www\wooCommerce\wp-includes\Requests\Transport\cURL.php on line 463
[12-Jan-2021 18:55:34 UTC] PHP Fatal error:  Maximum execution time of 30 seconds exceeded in C:\Program Files\Ampps\www\wooCommerce\wp-includes\Requests\Transport\cURL.php on line 463
[13-Jan-2021 04:08:42 UTC] PHP Fatal error:  Maximum execution time of 30 seconds exceeded in C:\Program Files\Ampps\www\wooCommerce\wp-includes\Requests\Transport\cURL.php on line 463
[13-Jan-2021 06:04:30 UTC] PHP Parse error:  syntax error, unexpected 'fa' (T_STRING), expecting ';' in C:\Program Files\Ampps\www\wooCommerce\wp-content\themes\stc-commerce\inc\woocommerce.php on line 226
[13-Jan-2021 10:02:44 UTC] PHP Notice:  Undefined property: WP_Error::$slug in C:\Program Files\Ampps\www\wooCommerce\wp-content\plugins\stccommerce-elementor\widgets\products.php on line 17
[13-Jan-2021 10:02:44 UTC] PHP Notice:  Undefined property: WP_Error::$name in C:\Program Files\Ampps\www\wooCommerce\wp-content\plugins\stccommerce-elementor\widgets\products.php on line 17
[13-Jan-2021 10:02:44 UTC] PHP Notice:  Undefined property: WP_Error::$slug in C:\Program Files\Ampps\www\wooCommerce\wp-content\plugins\stccommerce-elementor\widgets\products.php on line 17
[13-Jan-2021 10:02:44 UTC] PHP Notice:  Undefined property: WP_Error::$name in C:\Program Files\Ampps\www\wooCommerce\wp-content\plugins\stccommerce-elementor\widgets\products.php on line 17
[13-Jan-2021 10:02:44 UTC] PHP Notice:  Undefined property: WP_Error::$slug in C:\Program Files\Ampps\www\wooCommerce\wp-content\plugins\stccommerce-elementor\widgets\products.php on line 17
[13-Jan-2021 10:02:44 UTC] PHP Notice:  Undefined property: WP_Error::$name in C:\Program Files\Ampps\www\wooCommerce\wp-content\plugins\stccommerce-elementor\widgets\products.php on line 17
[13-Jan-2021 10:02:44 UTC] PHP Notice:  Undefined property: WP_Error::$slug in C:\Program Files\Ampps\www\wooCommerce\wp-content\plugins\stccommerce-elementor\widgets\products.php on line 17
[13-Jan-2021 10:02:44 UTC] PHP Notice:  Undefined property: WP_Error::$name in C:\Program Files\Ampps\www\wooCommerce\wp-content\plugins\stccommerce-elementor\widgets\products.php on line 17
[13-Jan-2021 10:02:44 UTC] PHP Notice:  Undefined property: WP_Error::$slug in C:\Program Files\Ampps\www\wooCommerce\wp-content\plugins\stccommerce-elementor\widgets\products.php on line 17
[13-Jan-2021 10:02:44 UTC] PHP Notice:  Undefined property: WP_Error::$name in C:\Program Files\Ampps\www\wooCommerce\wp-content\plugins\stccommerce-elementor\widgets\products.php on line 17
[13-Jan-2021 10:02:44 UTC] PHP Notice:  Undefined property: WP_Error::$slug in C:\Program Files\Ampps\www\wooCommerce\wp-content\plugins\stccommerce-elementor\widgets\products.php on line 17
[13-Jan-2021 10:02:44 UTC] PHP Notice:  Undefined property: WP_Error::$name in C:\Program Files\Ampps\www\wooCommerce\wp-content\plugins\stccommerce-elementor\widgets\products.php on line 17
[13-Jan-2021 10:02:46 UTC] PHP Notice:  Undefined property: WP_Error::$slug in C:\Program Files\Ampps\www\wooCommerce\wp-content\plugins\stccommerce-elementor\widgets\products.php on line 17
[13-Jan-2021 10:02:46 UTC] PHP Notice:  Undefined property: WP_Error::$name in C:\Program Files\Ampps\www\wooCommerce\wp-content\plugins\stccommerce-elementor\widgets\products.php on line 17
[13-Jan-2021 10:02:46 UTC] PHP Notice:  Undefined property: WP_Error::$slug in C:\Program Files\Ampps\www\wooCommerce\wp-content\plugins\stccommerce-elementor\widgets\products.php on line 17
[13-Jan-2021 10:02:46 UTC] PHP Notice:  Undefined property: WP_Error::$name in C:\Program Files\Ampps\www\wooCommerce\wp-content\plugins\stccommerce-elementor\widgets\products.php on line 17
[13-Jan-2021 10:02:46 UTC] PHP Notice:  Undefined property: WP_Error::$slug in C:\Program Files\Ampps\www\wooCommerce\wp-content\plugins\stccommerce-elementor\widgets\products.php on line 17
[13-Jan-2021 10:02:46 UTC] PHP Notice:  Undefined property: WP_Error::$name in C:\Program Files\Ampps\www\wooCommerce\wp-content\plugins\stccommerce-elementor\widgets\products.php on line 17
[13-Jan-2021 10:02:46 UTC] PHP Notice:  Undefined property: WP_Error::$slug in C:\Program Files\Ampps\www\wooCommerce\wp-content\plugins\stccommerce-elementor\widgets\products.php on line 17
[13-Jan-2021 10:02:46 UTC] PHP Notice:  Undefined property: WP_Error::$name in C:\Program Files\Ampps\www\wooCommerce\wp-content\plugins\stccommerce-elementor\widgets\products.php on line 17
[13-Jan-2021 10:02:46 UTC] PHP Notice:  Undefined property: WP_Error::$slug in C:\Program Files\Ampps\www\wooCommerce\wp-content\plugins\stccommerce-elementor\widgets\products.php on line 17
[13-Jan-2021 10:02:46 UTC] PHP Notice:  Undefined property: WP_Error::$name in C:\Program Files\Ampps\www\wooCommerce\wp-content\plugins\stccommerce-elementor\widgets\products.php on line 17
[13-Jan-2021 10:02:46 UTC] PHP Notice:  Undefined property: WP_Error::$slug in C:\Program Files\Ampps\www\wooCommerce\wp-content\plugins\stccommerce-elementor\widgets\products.php on line 17
[13-Jan-2021 10:02:46 UTC] PHP Notice:  Undefined property: WP_Error::$name in C:\Program Files\Ampps\www\wooCommerce\wp-content\plugins\stccommerce-elementor\widgets\products.php on line 17
[13-Jan-2021 10:03:16 UTC] PHP Notice:  Undefined property: WP_Error::$slug in C:\Program Files\Ampps\www\wooCommerce\wp-content\plugins\stccommerce-elementor\widgets\products.php on line 17
[13-Jan-2021 10:03:16 UTC] PHP Notice:  Undefined property: WP_Error::$name in C:\Program Files\Ampps\www\wooCommerce\wp-content\plugins\stccommerce-elementor\widgets\products.php on line 17
[13-Jan-2021 10:03:16 UTC] PHP Notice:  Undefined property: WP_Error::$slug in C:\Program Files\Ampps\www\wooCommerce\wp-content\plugins\stccommerce-elementor\widgets\products.php on line 17
[13-Jan-2021 10:03:16 UTC] PHP Notice:  Undefined property: WP_Error::$name in C:\Program Files\Ampps\www\wooCommerce\wp-content\plugins\stccommerce-elementor\widgets\products.php on line 17
[13-Jan-2021 10:03:16 UTC] PHP Notice:  Undefined property: WP_Error::$slug in C:\Program Files\Ampps\www\wooCommerce\wp-content\plugins\stccommerce-elementor\widgets\products.php on line 17
[13-Jan-2021 10:03:16 UTC] PHP Notice:  Undefined property: WP_Error::$name in C:\Program Files\Ampps\www\wooCommerce\wp-content\plugins\stccommerce-elementor\widgets\products.php on line 17
[13-Jan-2021 10:03:16 UTC] PHP Notice:  Undefined property: WP_Error::$slug in C:\Program Files\Ampps\www\wooCommerce\wp-content\plugins\stccommerce-elementor\widgets\products.php on line 17
[13-Jan-2021 10:03:16 UTC] PHP Notice:  Undefined property: WP_Error::$name in C:\Program Files\Ampps\www\wooCommerce\wp-content\plugins\stccommerce-elementor\widgets\products.php on line 17
[13-Jan-2021 10:03:16 UTC] PHP Notice:  Undefined property: WP_Error::$slug in C:\Program Files\Ampps\www\wooCommerce\wp-content\plugins\stccommerce-elementor\widgets\products.php on line 17
[13-Jan-2021 10:03:16 UTC] PHP Notice:  Undefined property: WP_Error::$name in C:\Program Files\Ampps\www\wooCommerce\wp-content\plugins\stccommerce-elementor\widgets\products.php on line 17
[13-Jan-2021 10:03:16 UTC] PHP Notice:  Undefined property: WP_Error::$slug in C:\Program Files\Ampps\www\wooCommerce\wp-content\plugins\stccommerce-elementor\widgets\products.php on line 17
[13-Jan-2021 10:03:16 UTC] PHP Notice:  Undefined property: WP_Error::$name in C:\Program Files\Ampps\www\wooCommerce\wp-content\plugins\stccommerce-elementor\widgets\products.php on line 17
[13-Jan-2021 10:03:18 UTC] PHP Notice:  Undefined property: WP_Error::$slug in C:\Program Files\Ampps\www\wooCommerce\wp-content\plugins\stccommerce-elementor\widgets\products.php on line 17
[13-Jan-2021 10:03:18 UTC] PHP Notice:  Undefined property: WP_Error::$name in C:\Program Files\Ampps\www\wooCommerce\wp-content\plugins\stccommerce-elementor\widgets\products.php on line 17
[13-Jan-2021 10:03:18 UTC] PHP Notice:  Undefined property: WP_Error::$slug in C:\Program Files\Ampps\www\wooCommerce\wp-content\plugins\stccommerce-elementor\widgets\products.php on line 17
[13-Jan-2021 10:03:18 UTC] PHP Notice:  Undefined property: WP_Error::$name in C:\Program Files\Ampps\www\wooCommerce\wp-content\plugins\stccommerce-elementor\widgets\products.php on line 17
[13-Jan-2021 10:03:18 UTC] PHP Notice:  Undefined property: WP_Error::$slug in C:\Program Files\Ampps\www\wooCommerce\wp-content\plugins\stccommerce-elementor\widgets\products.php on line 17
[13-Jan-2021 10:03:18 UTC] PHP Notice:  Undefined property: WP_Error::$name in C:\Program Files\Ampps\www\wooCommerce\wp-content\plugins\stccommerce-elementor\widgets\products.php on line 17
[13-Jan-2021 10:03:18 UTC] PHP Notice:  Undefined property: WP_Error::$slug in C:\Program Files\Ampps\www\wooCommerce\wp-content\plugins\stccommerce-elementor\widgets\products.php on line 17
[13-Jan-2021 10:03:18 UTC] PHP Notice:  Undefined property: WP_Error::$name in C:\Program Files\Ampps\www\wooCommerce\wp-content\plugins\stccommerce-elementor\widgets\products.php on line 17
[13-Jan-2021 10:03:18 UTC] PHP Notice:  Undefined property: WP_Error::$slug in C:\Program Files\Ampps\www\wooCommerce\wp-content\plugins\stccommerce-elementor\widgets\products.php on line 17
[13-Jan-2021 10:03:18 UTC] PHP Notice:  Undefined property: WP_Error::$name in C:\Program Files\Ampps\www\wooCommerce\wp-content\plugins\stccommerce-elementor\widgets\products.php on line 17
[13-Jan-2021 10:03:18 UTC] PHP Notice:  Undefined property: WP_Error::$slug in C:\Program Files\Ampps\www\wooCommerce\wp-content\plugins\stccommerce-elementor\widgets\products.php on line 17
[13-Jan-2021 10:03:18 UTC] PHP Notice:  Undefined property: WP_Error::$name in C:\Program Files\Ampps\www\wooCommerce\wp-content\plugins\stccommerce-elementor\widgets\products.php on line 17
[13-Jan-2021 10:03:26 UTC] PHP Notice:  Undefined property: WP_Error::$slug in C:\Program Files\Ampps\www\wooCommerce\wp-content\plugins\stccommerce-elementor\widgets\products.php on line 17
[13-Jan-2021 10:03:26 UTC] PHP Notice:  Undefined property: WP_Error::$name in C:\Program Files\Ampps\www\wooCommerce\wp-content\plugins\stccommerce-elementor\widgets\products.php on line 17
[13-Jan-2021 10:03:26 UTC] PHP Notice:  Undefined property: WP_Error::$slug in C:\Program Files\Ampps\www\wooCommerce\wp-content\plugins\stccommerce-elementor\widgets\products.php on line 17
[13-Jan-2021 10:03:26 UTC] PHP Notice:  Undefined property: WP_Error::$name in C:\Program Files\Ampps\www\wooCommerce\wp-content\plugins\stccommerce-elementor\widgets\products.php on line 17
[13-Jan-2021 10:03:26 UTC] PHP Notice:  Undefined property: WP_Error::$slug in C:\Program Files\Ampps\www\wooCommerce\wp-content\plugins\stccommerce-elementor\widgets\products.php on line 17
[13-Jan-2021 10:03:26 UTC] PHP Notice:  Undefined property: WP_Error::$name in C:\Program Files\Ampps\www\wooCommerce\wp-content\plugins\stccommerce-elementor\widgets\products.php on line 17
[13-Jan-2021 10:03:26 UTC] PHP Notice:  Undefined property: WP_Error::$slug in C:\Program Files\Ampps\www\wooCommerce\wp-content\plugins\stccommerce-elementor\widgets\products.php on line 17
[13-Jan-2021 10:03:26 UTC] PHP Notice:  Undefined property: WP_Error::$name in C:\Program Files\Ampps\www\wooCommerce\wp-content\plugins\stccommerce-elementor\widgets\products.php on line 17
[13-Jan-2021 10:03:26 UTC] PHP Notice:  Undefined property: WP_Error::$slug in C:\Program Files\Ampps\www\wooCommerce\wp-content\plugins\stccommerce-elementor\widgets\products.php on line 17
[13-Jan-2021 10:03:26 UTC] PHP Notice:  Undefined property: WP_Error::$name in C:\Program Files\Ampps\www\wooCommerce\wp-content\plugins\stccommerce-elementor\widgets\products.php on line 17
[13-Jan-2021 10:03:26 UTC] PHP Notice:  Undefined property: WP_Error::$slug in C:\Program Files\Ampps\www\wooCommerce\wp-content\plugins\stccommerce-elementor\widgets\products.php on line 17
[13-Jan-2021 10:03:26 UTC] PHP Notice:  Undefined property: WP_Error::$name in C:\Program Files\Ampps\www\wooCommerce\wp-content\plugins\stccommerce-elementor\widgets\products.php on line 17
[13-Jan-2021 10:03:28 UTC] PHP Notice:  Undefined property: WP_Error::$slug in C:\Program Files\Ampps\www\wooCommerce\wp-content\plugins\stccommerce-elementor\widgets\products.php on line 17
[13-Jan-2021 10:03:28 UTC] PHP Notice:  Undefined property: WP_Error::$name in C:\Program Files\Ampps\www\wooCommerce\wp-content\plugins\stccommerce-elementor\widgets\products.php on line 17
[13-Jan-2021 10:03:28 UTC] PHP Notice:  Undefined property: WP_Error::$slug in C:\Program Files\Ampps\www\wooCommerce\wp-content\plugins\stccommerce-elementor\widgets\products.php on line 17
[13-Jan-2021 10:03:28 UTC] PHP Notice:  Undefined property: WP_Error::$name in C:\Program Files\Ampps\www\wooCommerce\wp-content\plugins\stccommerce-elementor\widgets\products.php on line 17
[13-Jan-2021 10:03:28 UTC] PHP Notice:  Undefined property: WP_Error::$slug in C:\Program Files\Ampps\www\wooCommerce\wp-content\plugins\stccommerce-elementor\widgets\products.php on line 17
[13-Jan-2021 10:03:28 UTC] PHP Notice:  Undefined property: WP_Error::$name in C:\Program Files\Ampps\www\wooCommerce\wp-content\plugins\stccommerce-elementor\widgets\products.php on line 17
[13-Jan-2021 10:03:28 UTC] PHP Notice:  Undefined property: WP_Error::$slug in C:\Program Files\Ampps\www\wooCommerce\wp-content\plugins\stccommerce-elementor\widgets\products.php on line 17
[13-Jan-2021 10:03:28 UTC] PHP Notice:  Undefined property: WP_Error::$name in C:\Program Files\Ampps\www\wooCommerce\wp-content\plugins\stccommerce-elementor\widgets\products.php on line 17
[13-Jan-2021 10:03:28 UTC] PHP Notice:  Undefined property: WP_Error::$slug in C:\Program Files\Ampps\www\wooCommerce\wp-content\plugins\stccommerce-elementor\widgets\products.php on line 17
[13-Jan-2021 10:03:28 UTC] PHP Notice:  Undefined property: WP_Error::$name in C:\Program Files\Ampps\www\wooCommerce\wp-content\plugins\stccommerce-elementor\widgets\products.php on line 17
[13-Jan-2021 10:03:28 UTC] PHP Notice:  Undefined property: WP_Error::$slug in C:\Program Files\Ampps\www\wooCommerce\wp-content\plugins\stccommerce-elementor\widgets\products.php on line 17
[13-Jan-2021 10:03:28 UTC] PHP Notice:  Undefined property: WP_Error::$name in C:\Program Files\Ampps\www\wooCommerce\wp-content\plugins\stccommerce-elementor\widgets\products.php on line 17
[13-Jan-2021 10:04:21 UTC] PHP Notice:  Undefined property: WP_Error::$slug in C:\Program Files\Ampps\www\wooCommerce\wp-content\plugins\stccommerce-elementor\widgets\products.php on line 17
[13-Jan-2021 10:04:21 UTC] PHP Notice:  Undefined property: WP_Error::$name in C:\Program Files\Ampps\www\wooCommerce\wp-content\plugins\stccommerce-elementor\widgets\products.php on line 17
[13-Jan-2021 10:04:21 UTC] PHP Notice:  Undefined property: WP_Error::$slug in C:\Program Files\Ampps\www\wooCommerce\wp-content\plugins\stccommerce-elementor\widgets\products.php on line 17
[13-Jan-2021 10:04:21 UTC] PHP Notice:  Undefined property: WP_Error::$name in C:\Program Files\Ampps\www\wooCommerce\wp-content\plugins\stccommerce-elementor\widgets\products.php on line 17
[13-Jan-2021 10:04:21 UTC] PHP Notice:  Undefined property: WP_Error::$slug in C:\Program Files\Ampps\www\wooCommerce\wp-content\plugins\stccommerce-elementor\widgets\products.php on line 17
[13-Jan-2021 10:04:21 UTC] PHP Notice:  Undefined property: WP_Error::$name in C:\Program Files\Ampps\www\wooCommerce\wp-content\plugins\stccommerce-elementor\widgets\products.php on line 17
[13-Jan-2021 10:04:21 UTC] PHP Notice:  Undefined property: WP_Error::$slug in C:\Program Files\Ampps\www\wooCommerce\wp-content\plugins\stccommerce-elementor\widgets\products.php on line 17
[13-Jan-2021 10:04:21 UTC] PHP Notice:  Undefined property: WP_Error::$name in C:\Program Files\Ampps\www\wooCommerce\wp-content\plugins\stccommerce-elementor\widgets\products.php on line 17
[13-Jan-2021 10:04:21 UTC] PHP Notice:  Undefined property: WP_Error::$slug in C:\Program Files\Ampps\www\wooCommerce\wp-content\plugins\stccommerce-elementor\widgets\products.php on line 17
[13-Jan-2021 10:04:21 UTC] PHP Notice:  Undefined property: WP_Error::$name in C:\Program Files\Ampps\www\wooCommerce\wp-content\plugins\stccommerce-elementor\widgets\products.php on line 17
[13-Jan-2021 10:04:21 UTC] PHP Notice:  Undefined property: WP_Error::$slug in C:\Program Files\Ampps\www\wooCommerce\wp-content\plugins\stccommerce-elementor\widgets\products.php on line 17
[13-Jan-2021 10:04:21 UTC] PHP Notice:  Undefined property: WP_Error::$name in C:\Program Files\Ampps\www\wooCommerce\wp-content\plugins\stccommerce-elementor\widgets\products.php on line 17
[13-Jan-2021 10:04:23 UTC] PHP Notice:  Undefined property: WP_Error::$slug in C:\Program Files\Ampps\www\wooCommerce\wp-content\plugins\stccommerce-elementor\widgets\products.php on line 17
[13-Jan-2021 10:04:23 UTC] PHP Notice:  Undefined property: WP_Error::$name in C:\Program Files\Ampps\www\wooCommerce\wp-content\plugins\stccommerce-elementor\widgets\products.php on line 17
[13-Jan-2021 10:04:23 UTC] PHP Notice:  Undefined property: WP_Error::$slug in C:\Program Files\Ampps\www\wooCommerce\wp-content\plugins\stccommerce-elementor\widgets\products.php on line 17
[13-Jan-2021 10:04:23 UTC] PHP Notice:  Undefined property: WP_Error::$name in C:\Program Files\Ampps\www\wooCommerce\wp-content\plugins\stccommerce-elementor\widgets\products.php on line 17
[13-Jan-2021 10:04:23 UTC] PHP Notice:  Undefined property: WP_Error::$slug in C:\Program Files\Ampps\www\wooCommerce\wp-content\plugins\stccommerce-elementor\widgets\products.php on line 17
[13-Jan-2021 10:04:23 UTC] PHP Notice:  Undefined property: WP_Error::$name in C:\Program Files\Ampps\www\wooCommerce\wp-content\plugins\stccommerce-elementor\widgets\products.php on line 17
[13-Jan-2021 10:04:23 UTC] PHP Notice:  Undefined property: WP_Error::$slug in C:\Program Files\Ampps\www\wooCommerce\wp-content\plugins\stccommerce-elementor\widgets\products.php on line 17
[13-Jan-2021 10:04:23 UTC] PHP Notice:  Undefined property: WP_Error::$name in C:\Program Files\Ampps\www\wooCommerce\wp-content\plugins\stccommerce-elementor\widgets\products.php on line 17
[13-Jan-2021 10:04:23 UTC] PHP Notice:  Undefined property: WP_Error::$slug in C:\Program Files\Ampps\www\wooCommerce\wp-content\plugins\stccommerce-elementor\widgets\products.php on line 17
[13-Jan-2021 10:04:23 UTC] PHP Notice:  Undefined property: WP_Error::$name in C:\Program Files\Ampps\www\wooCommerce\wp-content\plugins\stccommerce-elementor\widgets\products.php on line 17
[13-Jan-2021 10:04:23 UTC] PHP Notice:  Undefined property: WP_Error::$slug in C:\Program Files\Ampps\www\wooCommerce\wp-content\plugins\stccommerce-elementor\widgets\products.php on line 17
[13-Jan-2021 10:04:23 UTC] PHP Notice:  Undefined property: WP_Error::$name in C:\Program Files\Ampps\www\wooCommerce\wp-content\plugins\stccommerce-elementor\widgets\products.php on line 17
[13-Jan-2021 10:05:00 UTC] PHP Notice:  Undefined property: WP_Error::$slug in C:\Program Files\Ampps\www\wooCommerce\wp-content\plugins\stccommerce-elementor\widgets\products.php on line 17
[13-Jan-2021 10:05:00 UTC] PHP Notice:  Undefined property: WP_Error::$name in C:\Program Files\Ampps\www\wooCommerce\wp-content\plugins\stccommerce-elementor\widgets\products.php on line 17
[13-Jan-2021 10:05:00 UTC] PHP Notice:  Undefined property: WP_Error::$slug in C:\Program Files\Ampps\www\wooCommerce\wp-content\plugins\stccommerce-elementor\widgets\products.php on line 17
[13-Jan-2021 10:05:00 UTC] PHP Notice:  Undefined property: WP_Error::$name in C:\Program Files\Ampps\www\wooCommerce\wp-content\plugins\stccommerce-elementor\widgets\products.php on line 17
[13-Jan-2021 10:05:00 UTC] PHP Notice:  Undefined property: WP_Error::$slug in C:\Program Files\Ampps\www\wooCommerce\wp-content\plugins\stccommerce-elementor\widgets\products.php on line 17
[13-Jan-2021 10:05:00 UTC] PHP Notice:  Undefined property: WP_Error::$name in C:\Program Files\Ampps\www\wooCommerce\wp-content\plugins\stccommerce-elementor\widgets\products.php on line 17
[13-Jan-2021 10:05:00 UTC] PHP Notice:  Undefined property: WP_Error::$slug in C:\Program Files\Ampps\www\wooCommerce\wp-content\plugins\stccommerce-elementor\widgets\products.php on line 17
[13-Jan-2021 10:05:00 UTC] PHP Notice:  Undefined property: WP_Error::$name in C:\Program Files\Ampps\www\wooCommerce\wp-content\plugins\stccommerce-elementor\widgets\products.php on line 17
[13-Jan-2021 10:05:00 UTC] PHP Notice:  Undefined property: WP_Error::$slug in C:\Program Files\Ampps\www\wooCommerce\wp-content\plugins\stccommerce-elementor\widgets\products.php on line 17
[13-Jan-2021 10:05:00 UTC] PHP Notice:  Undefined property: WP_Error::$name in C:\Program Files\Ampps\www\wooCommerce\wp-content\plugins\stccommerce-elementor\widgets\products.php on line 17
[13-Jan-2021 10:05:00 UTC] PHP Notice:  Undefined property: WP_Error::$slug in C:\Program Files\Ampps\www\wooCommerce\wp-content\plugins\stccommerce-elementor\widgets\products.php on line 17
[13-Jan-2021 10:05:00 UTC] PHP Notice:  Undefined property: WP_Error::$name in C:\Program Files\Ampps\www\wooCommerce\wp-content\plugins\stccommerce-elementor\widgets\products.php on line 17
[13-Jan-2021 10:05:02 UTC] PHP Notice:  Undefined property: WP_Error::$slug in C:\Program Files\Ampps\www\wooCommerce\wp-content\plugins\stccommerce-elementor\widgets\products.php on line 17
[13-Jan-2021 10:05:02 UTC] PHP Notice:  Undefined property: WP_Error::$name in C:\Program Files\Ampps\www\wooCommerce\wp-content\plugins\stccommerce-elementor\widgets\products.php on line 17
[13-Jan-2021 10:05:02 UTC] PHP Notice:  Undefined property: WP_Error::$slug in C:\Program Files\Ampps\www\wooCommerce\wp-content\plugins\stccommerce-elementor\widgets\products.php on line 17
[13-Jan-2021 10:05:02 UTC] PHP Notice:  Undefined property: WP_Error::$name in C:\Program Files\Ampps\www\wooCommerce\wp-content\plugins\stccommerce-elementor\widgets\products.php on line 17
[13-Jan-2021 10:05:02 UTC] PHP Notice:  Undefined property: WP_Error::$slug in C:\Program Files\Ampps\www\wooCommerce\wp-content\plugins\stccommerce-elementor\widgets\products.php on line 17
[13-Jan-2021 10:05:02 UTC] PHP Notice:  Undefined property: WP_Error::$name in C:\Program Files\Ampps\www\wooCommerce\wp-content\plugins\stccommerce-elementor\widgets\products.php on line 17
[13-Jan-2021 10:05:02 UTC] PHP Notice:  Undefined property: WP_Error::$slug in C:\Program Files\Ampps\www\wooCommerce\wp-content\plugins\stccommerce-elementor\widgets\products.php on line 17
[13-Jan-2021 10:05:02 UTC] PHP Notice:  Undefined property: WP_Error::$name in C:\Program Files\Ampps\www\wooCommerce\wp-content\plugins\stccommerce-elementor\widgets\products.php on line 17
[13-Jan-2021 10:05:02 UTC] PHP Notice:  Undefined property: WP_Error::$slug in C:\Program Files\Ampps\www\wooCommerce\wp-content\plugins\stccommerce-elementor\widgets\products.php on line 17
[13-Jan-2021 10:05:02 UTC] PHP Notice:  Undefined property: WP_Error::$name in C:\Program Files\Ampps\www\wooCommerce\wp-content\plugins\stccommerce-elementor\widgets\products.php on line 17
[13-Jan-2021 10:05:02 UTC] PHP Notice:  Undefined property: WP_Error::$slug in C:\Program Files\Ampps\www\wooCommerce\wp-content\plugins\stccommerce-elementor\widgets\products.php on line 17
[13-Jan-2021 10:05:02 UTC] PHP Notice:  Undefined property: WP_Error::$name in C:\Program Files\Ampps\www\wooCommerce\wp-content\plugins\stccommerce-elementor\widgets\products.php on line 17
[13-Jan-2021 10:05:14 UTC] PHP Notice:  Undefined property: WP_Error::$slug in C:\Program Files\Ampps\www\wooCommerce\wp-content\plugins\stccommerce-elementor\widgets\products.php on line 17
[13-Jan-2021 10:05:14 UTC] PHP Notice:  Undefined property: WP_Error::$name in C:\Program Files\Ampps\www\wooCommerce\wp-content\plugins\stccommerce-elementor\widgets\products.php on line 17
[13-Jan-2021 10:05:14 UTC] PHP Notice:  Undefined property: WP_Error::$slug in C:\Program Files\Ampps\www\wooCommerce\wp-content\plugins\stccommerce-elementor\widgets\products.php on line 17
[13-Jan-2021 10:05:14 UTC] PHP Notice:  Undefined property: WP_Error::$name in C:\Program Files\Ampps\www\wooCommerce\wp-content\plugins\stccommerce-elementor\widgets\products.php on line 17
[13-Jan-2021 10:05:14 UTC] PHP Notice:  Undefined property: WP_Error::$slug in C:\Program Files\Ampps\www\wooCommerce\wp-content\plugins\stccommerce-elementor\widgets\products.php on line 17
[13-Jan-2021 10:05:14 UTC] PHP Notice:  Undefined property: WP_Error::$name in C:\Program Files\Ampps\www\wooCommerce\wp-content\plugins\stccommerce-elementor\widgets\products.php on line 17
[13-Jan-2021 10:05:14 UTC] PHP Notice:  Undefined property: WP_Error::$slug in C:\Program Files\Ampps\www\wooCommerce\wp-content\plugins\stccommerce-elementor\widgets\products.php on line 17
[13-Jan-2021 10:05:14 UTC] PHP Notice:  Undefined property: WP_Error::$name in C:\Program Files\Ampps\www\wooCommerce\wp-content\plugins\stccommerce-elementor\widgets\products.php on line 17
[13-Jan-2021 10:05:14 UTC] PHP Notice:  Undefined property: WP_Error::$slug in C:\Program Files\Ampps\www\wooCommerce\wp-content\plugins\stccommerce-elementor\widgets\products.php on line 17
[13-Jan-2021 10:05:14 UTC] PHP Notice:  Undefined property: WP_Error::$name in C:\Program Files\Ampps\www\wooCommerce\wp-content\plugins\stccommerce-elementor\widgets\products.php on line 17
[13-Jan-2021 10:05:14 UTC] PHP Notice:  Undefined property: WP_Error::$slug in C:\Program Files\Ampps\www\wooCommerce\wp-content\plugins\stccommerce-elementor\widgets\products.php on line 17
[13-Jan-2021 10:05:14 UTC] PHP Notice:  Undefined property: WP_Error::$name in C:\Program Files\Ampps\www\wooCommerce\wp-content\plugins\stccommerce-elementor\widgets\products.php on line 17
[13-Jan-2021 10:05:16 UTC] PHP Notice:  Undefined property: WP_Error::$slug in C:\Program Files\Ampps\www\wooCommerce\wp-content\plugins\stccommerce-elementor\widgets\products.php on line 17
[13-Jan-2021 10:05:16 UTC] PHP Notice:  Undefined property: WP_Error::$name in C:\Program Files\Ampps\www\wooCommerce\wp-content\plugins\stccommerce-elementor\widgets\products.php on line 17
[13-Jan-2021 10:05:16 UTC] PHP Notice:  Undefined property: WP_Error::$slug in C:\Program Files\Ampps\www\wooCommerce\wp-content\plugins\stccommerce-elementor\widgets\products.php on line 17
[13-Jan-2021 10:05:16 UTC] PHP Notice:  Undefined property: WP_Error::$name in C:\Program Files\Ampps\www\wooCommerce\wp-content\plugins\stccommerce-elementor\widgets\products.php on line 17
[13-Jan-2021 10:05:16 UTC] PHP Notice:  Undefined property: WP_Error::$slug in C:\Program Files\Ampps\www\wooCommerce\wp-content\plugins\stccommerce-elementor\widgets\products.php on line 17
[13-Jan-2021 10:05:16 UTC] PHP Notice:  Undefined property: WP_Error::$name in C:\Program Files\Ampps\www\wooCommerce\wp-content\plugins\stccommerce-elementor\widgets\products.php on line 17
[13-Jan-2021 10:05:16 UTC] PHP Notice:  Undefined property: WP_Error::$slug in C:\Program Files\Ampps\www\wooCommerce\wp-content\plugins\stccommerce-elementor\widgets\products.php on line 17
[13-Jan-2021 10:05:16 UTC] PHP Notice:  Undefined property: WP_Error::$name in C:\Program Files\Ampps\www\wooCommerce\wp-content\plugins\stccommerce-elementor\widgets\products.php on line 17
[13-Jan-2021 10:05:16 UTC] PHP Notice:  Undefined property: WP_Error::$slug in C:\Program Files\Ampps\www\wooCommerce\wp-content\plugins\stccommerce-elementor\widgets\products.php on line 17
[13-Jan-2021 10:05:16 UTC] PHP Notice:  Undefined property: WP_Error::$name in C:\Program Files\Ampps\www\wooCommerce\wp-content\plugins\stccommerce-elementor\widgets\products.php on line 17
[13-Jan-2021 10:05:16 UTC] PHP Notice:  Undefined property: WP_Error::$slug in C:\Program Files\Ampps\www\wooCommerce\wp-content\plugins\stccommerce-elementor\widgets\products.php on line 17
[13-Jan-2021 10:05:16 UTC] PHP Notice:  Undefined property: WP_Error::$name in C:\Program Files\Ampps\www\wooCommerce\wp-content\plugins\stccommerce-elementor\widgets\products.php on line 17
[13-Jan-2021 10:24:11 UTC] PHP Parse error:  syntax error, unexpected ')' in C:\Program Files\Ampps\www\wooCommerce\wp-content\plugins\stccommerce-elementor\widgets\products.php on line 100
[13-Jan-2021 10:24:39 UTC] PHP Notice:  Undefined property: WP_Error::$slug in C:\Program Files\Ampps\www\wooCommerce\wp-content\plugins\stccommerce-elementor\widgets\products.php on line 17
[13-Jan-2021 10:24:39 UTC] PHP Notice:  Undefined property: WP_Error::$name in C:\Program Files\Ampps\www\wooCommerce\wp-content\plugins\stccommerce-elementor\widgets\products.php on line 17
[13-Jan-2021 10:24:39 UTC] PHP Notice:  Undefined property: WP_Error::$slug in C:\Program Files\Ampps\www\wooCommerce\wp-content\plugins\stccommerce-elementor\widgets\products.php on line 17
[13-Jan-2021 10:24:39 UTC] PHP Notice:  Undefined property: WP_Error::$name in C:\Program Files\Ampps\www\wooCommerce\wp-content\plugins\stccommerce-elementor\widgets\products.php on line 17
[13-Jan-2021 10:24:39 UTC] PHP Notice:  Undefined property: WP_Error::$slug in C:\Program Files\Ampps\www\wooCommerce\wp-content\plugins\stccommerce-elementor\widgets\products.php on line 17
[13-Jan-2021 10:24:39 UTC] PHP Notice:  Undefined property: WP_Error::$name in C:\Program Files\Ampps\www\wooCommerce\wp-content\plugins\stccommerce-elementor\widgets\products.php on line 17
[13-Jan-2021 10:24:39 UTC] PHP Notice:  Undefined property: WP_Error::$slug in C:\Program Files\Ampps\www\wooCommerce\wp-content\plugins\stccommerce-elementor\widgets\products.php on line 17
[13-Jan-2021 10:24:39 UTC] PHP Notice:  Undefined property: WP_Error::$name in C:\Program Files\Ampps\www\wooCommerce\wp-content\plugins\stccommerce-elementor\widgets\products.php on line 17
[13-Jan-2021 10:24:39 UTC] PHP Notice:  Undefined property: WP_Error::$slug in C:\Program Files\Ampps\www\wooCommerce\wp-content\plugins\stccommerce-elementor\widgets\products.php on line 17
[13-Jan-2021 10:24:39 UTC] PHP Notice:  Undefined property: WP_Error::$name in C:\Program Files\Ampps\www\wooCommerce\wp-content\plugins\stccommerce-elementor\widgets\products.php on line 17
[13-Jan-2021 10:24:39 UTC] PHP Notice:  Undefined property: WP_Error::$slug in C:\Program Files\Ampps\www\wooCommerce\wp-content\plugins\stccommerce-elementor\widgets\products.php on line 17
[13-Jan-2021 10:24:39 UTC] PHP Notice:  Undefined property: WP_Error::$name in C:\Program Files\Ampps\www\wooCommerce\wp-content\plugins\stccommerce-elementor\widgets\products.php on line 17
[13-Jan-2021 10:24:41 UTC] PHP Notice:  Undefined property: WP_Error::$slug in C:\Program Files\Ampps\www\wooCommerce\wp-content\plugins\stccommerce-elementor\widgets\products.php on line 17
[13-Jan-2021 10:24:41 UTC] PHP Notice:  Undefined property: WP_Error::$name in C:\Program Files\Ampps\www\wooCommerce\wp-content\plugins\stccommerce-elementor\widgets\products.php on line 17
[13-Jan-2021 10:24:41 UTC] PHP Notice:  Undefined property: WP_Error::$slug in C:\Program Files\Ampps\www\wooCommerce\wp-content\plugins\stccommerce-elementor\widgets\products.php on line 17
[13-Jan-2021 10:24:41 UTC] PHP Notice:  Undefined property: WP_Error::$name in C:\Program Files\Ampps\www\wooCommerce\wp-content\plugins\stccommerce-elementor\widgets\products.php on line 17
[13-Jan-2021 10:24:41 UTC] PHP Notice:  Undefined property: WP_Error::$slug in C:\Program Files\Ampps\www\wooCommerce\wp-content\plugins\stccommerce-elementor\widgets\products.php on line 17
[13-Jan-2021 10:24:41 UTC] PHP Notice:  Undefined property: WP_Error::$name in C:\Program Files\Ampps\www\wooCommerce\wp-content\plugins\stccommerce-elementor\widgets\products.php on line 17
[13-Jan-2021 10:24:41 UTC] PHP Notice:  Undefined property: WP_Error::$slug in C:\Program Files\Ampps\www\wooCommerce\wp-content\plugins\stccommerce-elementor\widgets\products.php on line 17
[13-Jan-2021 10:24:41 UTC] PHP Notice:  Undefined property: WP_Error::$name in C:\Program Files\Ampps\www\wooCommerce\wp-content\plugins\stccommerce-elementor\widgets\products.php on line 17
[13-Jan-2021 10:24:41 UTC] PHP Notice:  Undefined property: WP_Error::$slug in C:\Program Files\Ampps\www\wooCommerce\wp-content\plugins\stccommerce-elementor\widgets\products.php on line 17
[13-Jan-2021 10:24:41 UTC] PHP Notice:  Undefined property: WP_Error::$name in C:\Program Files\Ampps\www\wooCommerce\wp-content\plugins\stccommerce-elementor\widgets\products.php on line 17
[13-Jan-2021 10:24:41 UTC] PHP Notice:  Undefined property: WP_Error::$slug in C:\Program Files\Ampps\www\wooCommerce\wp-content\plugins\stccommerce-elementor\widgets\products.php on line 17
[13-Jan-2021 10:24:41 UTC] PHP Notice:  Undefined property: WP_Error::$name in C:\Program Files\Ampps\www\wooCommerce\wp-content\plugins\stccommerce-elementor\widgets\products.php on line 17
[13-Jan-2021 10:25:49 UTC] PHP Notice:  Undefined property: WP_Error::$slug in C:\Program Files\Ampps\www\wooCommerce\wp-content\plugins\stccommerce-elementor\widgets\products.php on line 17
[13-Jan-2021 10:25:49 UTC] PHP Notice:  Undefined property: WP_Error::$name in C:\Program Files\Ampps\www\wooCommerce\wp-content\plugins\stccommerce-elementor\widgets\products.php on line 17
[13-Jan-2021 10:25:49 UTC] PHP Notice:  Undefined property: WP_Error::$slug in C:\Program Files\Ampps\www\wooCommerce\wp-content\plugins\stccommerce-elementor\widgets\products.php on line 17
[13-Jan-2021 10:25:49 UTC] PHP Notice:  Undefined property: WP_Error::$name in C:\Program Files\Ampps\www\wooCommerce\wp-content\plugins\stccommerce-elementor\widgets\products.php on line 17
[13-Jan-2021 10:25:49 UTC] PHP Notice:  Undefined property: WP_Error::$slug in C:\Program Files\Ampps\www\wooCommerce\wp-content\plugins\stccommerce-elementor\widgets\products.php on line 17
[13-Jan-2021 10:25:49 UTC] PHP Notice:  Undefined property: WP_Error::$name in C:\Program Files\Ampps\www\wooCommerce\wp-content\plugins\stccommerce-elementor\widgets\products.php on line 17
[13-Jan-2021 10:25:49 UTC] PHP Notice:  Undefined property: WP_Error::$slug in C:\Program Files\Ampps\www\wooCommerce\wp-content\plugins\stccommerce-elementor\widgets\products.php on line 17
[13-Jan-2021 10:25:49 UTC] PHP Notice:  Undefined property: WP_Error::$name in C:\Program Files\Ampps\www\wooCommerce\wp-content\plugins\stccommerce-elementor\widgets\products.php on line 17
[13-Jan-2021 10:25:49 UTC] PHP Notice:  Undefined property: WP_Error::$slug in C:\Program Files\Ampps\www\wooCommerce\wp-content\plugins\stccommerce-elementor\widgets\products.php on line 17
[13-Jan-2021 10:25:49 UTC] PHP Notice:  Undefined property: WP_Error::$name in C:\Program Files\Ampps\www\wooCommerce\wp-content\plugins\stccommerce-elementor\widgets\products.php on line 17
[13-Jan-2021 10:25:49 UTC] PHP Notice:  Undefined property: WP_Error::$slug in C:\Program Files\Ampps\www\wooCommerce\wp-content\plugins\stccommerce-elementor\widgets\products.php on line 17
[13-Jan-2021 10:25:49 UTC] PHP Notice:  Undefined property: WP_Error::$name in C:\Program Files\Ampps\www\wooCommerce\wp-content\plugins\stccommerce-elementor\widgets\products.php on line 17
[13-Jan-2021 10:25:51 UTC] PHP Notice:  Undefined property: WP_Error::$slug in C:\Program Files\Ampps\www\wooCommerce\wp-content\plugins\stccommerce-elementor\widgets\products.php on line 17
[13-Jan-2021 10:25:51 UTC] PHP Notice:  Undefined property: WP_Error::$name in C:\Program Files\Ampps\www\wooCommerce\wp-content\plugins\stccommerce-elementor\widgets\products.php on line 17
[13-Jan-2021 10:25:51 UTC] PHP Notice:  Undefined property: WP_Error::$slug in C:\Program Files\Ampps\www\wooCommerce\wp-content\plugins\stccommerce-elementor\widgets\products.php on line 17
[13-Jan-2021 10:25:51 UTC] PHP Notice:  Undefined property: WP_Error::$name in C:\Program Files\Ampps\www\wooCommerce\wp-content\plugins\stccommerce-elementor\widgets\products.php on line 17
[13-Jan-2021 10:25:51 UTC] PHP Notice:  Undefined property: WP_Error::$slug in C:\Program Files\Ampps\www\wooCommerce\wp-content\plugins\stccommerce-elementor\widgets\products.php on line 17
[13-Jan-2021 10:25:51 UTC] PHP Notice:  Undefined property: WP_Error::$name in C:\Program Files\Ampps\www\wooCommerce\wp-content\plugins\stccommerce-elementor\widgets\products.php on line 17
[13-Jan-2021 10:25:51 UTC] PHP Notice:  Undefined property: WP_Error::$slug in C:\Program Files\Ampps\www\wooCommerce\wp-content\plugins\stccommerce-elementor\widgets\products.php on line 17
[13-Jan-2021 10:25:51 UTC] PHP Notice:  Undefined property: WP_Error::$name in C:\Program Files\Ampps\www\wooCommerce\wp-content\plugins\stccommerce-elementor\widgets\products.php on line 17
[13-Jan-2021 10:25:51 UTC] PHP Notice:  Undefined property: WP_Error::$slug in C:\Program Files\Ampps\www\wooCommerce\wp-content\plugins\stccommerce-elementor\widgets\products.php on line 17
[13-Jan-2021 10:25:51 UTC] PHP Notice:  Undefined property: WP_Error::$name in C:\Program Files\Ampps\www\wooCommerce\wp-content\plugins\stccommerce-elementor\widgets\products.php on line 17
[13-Jan-2021 10:25:51 UTC] PHP Notice:  Undefined property: WP_Error::$slug in C:\Program Files\Ampps\www\wooCommerce\wp-content\plugins\stccommerce-elementor\widgets\products.php on line 17
[13-Jan-2021 10:25:51 UTC] PHP Notice:  Undefined property: WP_Error::$name in C:\Program Files\Ampps\www\wooCommerce\wp-content\plugins\stccommerce-elementor\widgets\products.php on line 17
[13-Jan-2021 10:50:04 UTC] PHP Parse error:  syntax error, unexpected 'ture' (T_STRING), expecting ',' or ';' in C:\Program Files\Ampps\www\wooCommerce\wp-content\plugins\stccommerce-elementor\widgets\products.php on line 126
[13-Jan-2021 12:44:25 UTC] PHP Fatal error:  Maximum execution time of 30 seconds exceeded in C:\Program Files\Ampps\www\wooCommerce\wp-includes\Requests\Transport\cURL.php on line 163
